# Conditions read from  CMS_CONDITIONS  via FrontierProd 
DEBUG 2016-08-12 10:24:56,591: 	 Executing command: 'submit'
DEBUG 2016-08-12 10:24:56,591: 	 Found CRAB cache file /afs/cern.ch/user/m/mgul/.crab3
DEBUG 2016-08-12 10:24:56,599: 	 Checking credentials
DEBUG 2016-08-12 10:24:56,599: 	 Found proxy file /tmp/x509up_u29426
DEBUG 2016-08-12 10:24:56,599: 	 Getting proxy life time left
DEBUG 2016-08-12 10:24:57,202: 	 Executing : 
 command : voms-proxy-info -file /tmp/x509up_u29426 -timeleft
 output : 41685

 error: 
 retcode : 0
DEBUG 2016-08-12 10:24:57,807: 	 Executing : 
 command : voms-proxy-info -file /tmp/x509up_u29426 -actimeleft
 output : 41684

 error: 
 retcode : 0
DEBUG 2016-08-12 10:24:57,808: 	 Proxy valid for 11:34:45 hours
INFO 2016-08-12 10:24:57,808: 	 Will use CRAB configuration file grid/MC13TeV_TTJets_powheg_cfg.py
DEBUG 2016-08-12 10:24:57,808: 	 Loading CRAB configuration file.
DEBUG 2016-08-12 10:24:57,813: 	 Will use CRAB Analysis plugin (i.e. will run an analysis job type).
DEBUG 2016-08-12 10:24:58,012: 	 Executing : 
 command : openssl x509 -in ~/.globus/usercert.pem -subject -noout
 output : subject= /DC=ch/DC=cern/OU=Organic Units/OU=Users/CN=mgul/CN=732095/CN=Muhammad Gul

 error: 
 retcode : 0
DEBUG 2016-08-12 10:24:58,012: 	 Checking credentials
DEBUG 2016-08-12 10:24:58,012: 	 Found proxy file /tmp/x509up_u29426
DEBUG 2016-08-12 10:24:58,012: 	 Getting proxy life time left
DEBUG 2016-08-12 10:24:58,622: 	 Executing : 
 command : voms-proxy-info -file /tmp/x509up_u29426 -timeleft
 output : 41684

 error: 
 retcode : 0
DEBUG 2016-08-12 10:24:59,126: 	 Executing : 
 command : voms-proxy-info -file /tmp/x509up_u29426 -actimeleft
 output : 41682

 error: 
 retcode : 0
DEBUG 2016-08-12 10:24:59,126: 	 Proxy valid for 11:34:44 hours
DEBUG 2016-08-12 10:24:59,629: 	 Executing : 
 command : env X509_USER_PROXY=/tmp/x509up_u29426 voms-proxy-info -fqan
 output : /cms/Role=NULL/Capability=NULL

 error: 
 retcode : 0
DEBUG 2016-08-12 10:25:00,048: 	 Registering user credentials for server /DC=ch/DC=cern/OU=computers/CN=vocms(045|052|021|031|0118|0118a|0119|0108).cern.ch
DEBUG 2016-08-12 10:25:00,157: 	 Executing : 
 command : openssl x509 -in ~/.globus/usercert.pem -subject -noout
 output : subject= /DC=ch/DC=cern/OU=Organic Units/OU=Users/CN=mgul/CN=732095/CN=Muhammad Gul

 error: 
 retcode : 0
DEBUG 2016-08-12 10:25:00,157: 	 Getting myproxy life time left for myproxy.cern.ch
DEBUG 2016-08-12 10:25:00,158: 	 Calculating hash of /DC=ch/DC=cern/OU=Organic Units/OU=Users/CN=mgul/CN=732095/CN=Muhammad Gul_cmsweb.cern.ch for credential name
DEBUG 2016-08-12 10:25:00,564: 	 Executing : 
 command : myproxy-info -l 14fb6fc17e5c0176a4b31df51a88db78fe3e4208 -s myproxy.cern.ch
 output : username: 14fb6fc17e5c0176a4b31df51a88db78fe3e4208
owner: /DC=ch/DC=cern/OU=Organic Units/OU=Users/CN=mgul/CN=732095/CN=Muhammad Gul
  renewal policy: /DC=ch/DC=cern/OU=computers/CN=vocms(045|052|021|031|0118|0118a|0119|0108).cern.ch
  trusted retrieval policy: /DC=ch/DC=cern/OU=computers/CN=vocms(045|052|021|031|0118|0118a|0119|0108).cern.ch
  timeleft: 374:34:05  (15.6 days)

 error: 
 retcode : 0
DEBUG 2016-08-12 10:25:00,565: 	 Myproxy is valid: 1348445
DEBUG 2016-08-12 10:25:00,565: 	 Command use: submit
DEBUG 2016-08-12 10:25:00,565: 	 Options use: ['-c', 'grid/MC13TeV_TTJets_powheg_cfg.py']
DEBUG 2016-08-12 10:25:00,972: 	 CRABClient version: 3.3.1607.patch2
DEBUG 2016-08-12 10:25:00,972: 	 Instance is prod
DEBUG 2016-08-12 10:25:00,972: 	 Server base url is cmsweb.cern.ch
DEBUG 2016-08-12 10:25:00,972: 	 Command url /crabserver/prod/workflow
DEBUG 2016-08-12 10:25:00,972: 	 Started submission
DEBUG 2016-08-12 10:25:00,972: 	 Working on /afs/cern.ch/work/m/mgul/public/Hto_ttbar/8_0_11_tuples/CMSSW_8_0_11/src/Tupel/Tupel/grid/crab_MC13TeV_TTJets_powheg
DEBUG 2016-08-12 10:25:01,318: 	 Loading required information from the environment
DEBUG 2016-08-12 10:25:01,318: 	 Found CMSSW_8_0_11 for slc6_amd64_gcc530 with base /afs/cern.ch/work/m/mgul/public/Hto_ttbar/8_0_11_tuples/CMSSW_8_0_11
DEBUG 2016-08-12 10:25:01,330: 	 UNIQUE NAME: tarUUID ee527cab-af12-4240-beb6-2ecb70029a2d 
DEBUG 2016-08-12 10:25:01,330: 	 self.config: from WMCore.Configuration import Configuration
config = Configuration()
config.section_('General')
config.General.transferOutputs = True
config.General.workArea = 'grid'
config.General.requestName = 'MC13TeV_TTJets_powheg'
config.section_('JobType')
config.JobType.psetName = '/afs/cern.ch/work/m/mgul/public/Hto_ttbar/8_0_11_tuples/CMSSW_8_0_11/src/Tupel/Tupel/scripts/simple_run_80X_cfg.py'
config.JobType.pluginName = 'Analysis'
config.JobType.inputFiles = ['Spring16_25nsV6_MC.db']
config.JobType.pyCfgParams = ['runOnData=False']
config.JobType.disableAutomaticOutputCollection = False
config.section_('Data')
config.Data.inputDataset = '/TT_TuneCUETP8M1_13TeV-powheg-pythia8/RunIISpring16MiniAODv1-PUSpring16RAWAODSIM_80X_mcRun2_asymptotic_2016_v3_ext3-v1/MINIAODSIM'
config.Data.totalUnits = 1
config.Data.unitsPerJob = 1
config.Data.ignoreLocality = False
config.Data.inputDBS = 'global'
config.Data.splitting = 'LumiBased'
config.Data.outLFNDirBase = '/store/user/mgul/test/0e0f217/'
config.Data.publication = False
config.section_('Site')
config.Site.storageSite = 'T2_BE_IIHE'

DEBUG 2016-08-12 10:25:01,330: 	 self.config.JobType.psetName: /afs/cern.ch/work/m/mgul/public/Hto_ttbar/8_0_11_tuples/CMSSW_8_0_11/src/Tupel/Tupel/scripts/simple_run_80X_cfg.py
INFO 2016-08-12 10:25:01,330: 	 Importing CMSSW configuration /afs/cern.ch/work/m/mgul/public/Hto_ttbar/8_0_11_tuples/CMSSW_8_0_11/src/Tupel/Tupel/scripts/simple_run_80X_cfg.py
DEBUG 2016-08-12 10:25:01,331: 	 Additional parameters for the CMSSW configuration are: ['runOnData=False']
INFO 2016-08-12 10:25:02,074: 	 Finished importing CMSSW configuration /afs/cern.ch/work/m/mgul/public/Hto_ttbar/8_0_11_tuples/CMSSW_8_0_11/src/Tupel/Tupel/scripts/simple_run_80X_cfg.py
DEBUG 2016-08-12 10:25:02,075: 	 Writing CMSSW configuration to /afs/cern.ch/work/m/mgul/public/Hto_ttbar/8_0_11_tuples/CMSSW_8_0_11/src/Tupel/Tupel/grid/crab_MC13TeV_TTJets_powheg/inputs/PSet.py
DEBUG 2016-08-12 10:25:02,407: 	 The following EDM output files will be collected: ['test.root']
DEBUG 2016-08-12 10:25:02,407: 	 The following TFile output files will be collected: ['ntuple.root']
DEBUG 2016-08-12 10:25:02,407: 	 The following user output files will be collected: []
DEBUG 2016-08-12 10:25:02,407: 	 Loading required information from the environment
DEBUG 2016-08-12 10:25:02,407: 	 Found CMSSW_8_0_11 for slc6_amd64_gcc530 with base /afs/cern.ch/work/m/mgul/public/Hto_ttbar/8_0_11_tuples/CMSSW_8_0_11
DEBUG 2016-08-12 10:25:02,407: 	 Making tarball in /afs/cern.ch/work/m/mgul/public/Hto_ttbar/8_0_11_tuples/CMSSW_8_0_11/src/Tupel/Tupel/grid/crab_MC13TeV_TTJets_powheg/inputs/ee527cab-af12-4240-beb6-2ecb70029a2ddefault.tgz
DEBUG 2016-08-12 10:25:02,413: 	 Checking directory /afs/cern.ch/work/m/mgul/public/Hto_ttbar/8_0_11_tuples/CMSSW_8_0_11/lib
DEBUG 2016-08-12 10:25:02,413: 	 Adding directory /afs/cern.ch/work/m/mgul/public/Hto_ttbar/8_0_11_tuples/CMSSW_8_0_11/lib to tarball
DEBUG 2016-08-12 10:25:04,604: 	 Checking directory /afs/cern.ch/work/m/mgul/public/Hto_ttbar/8_0_11_tuples/CMSSW_8_0_11/biglib
DEBUG 2016-08-12 10:25:04,604: 	 Adding directory /afs/cern.ch/work/m/mgul/public/Hto_ttbar/8_0_11_tuples/CMSSW_8_0_11/biglib to tarball
DEBUG 2016-08-12 10:25:04,605: 	 Checking directory /afs/cern.ch/work/m/mgul/public/Hto_ttbar/8_0_11_tuples/CMSSW_8_0_11/module
DEBUG 2016-08-12 10:25:04,666: 	 Adding data directory /afs/cern.ch/work/m/mgul/public/Hto_ttbar/8_0_11_tuples/CMSSW_8_0_11/src/TopQuarkAnalysis/TopEventProducers/interface to tarball
DEBUG 2016-08-12 10:25:04,738: 	 Adding data directory /afs/cern.ch/work/m/mgul/public/Hto_ttbar/8_0_11_tuples/CMSSW_8_0_11/src/Tupel/Tupel/data to tarball
DEBUG 2016-08-12 10:25:05,260: 	 Adding data directory /afs/cern.ch/work/m/mgul/public/Hto_ttbar/8_0_11_tuples/CMSSW_8_0_11/src/CommonTools/PileupAlgos/interface to tarball
DEBUG 2016-08-12 10:25:05,269: 	 Adding data directory /afs/cern.ch/work/m/mgul/public/Hto_ttbar/8_0_11_tuples/CMSSW_8_0_11/src/PhysicsTools/PatAlgos/interface to tarball
DEBUG 2016-08-12 10:25:05,294: 	 Adding data directory /afs/cern.ch/work/m/mgul/public/Hto_ttbar/8_0_11_tuples/CMSSW_8_0_11/src/PhysicsTools/PatUtils/data to tarball
DEBUG 2016-08-12 10:25:05,697: 	 Adding data directory /afs/cern.ch/work/m/mgul/public/Hto_ttbar/8_0_11_tuples/CMSSW_8_0_11/src/PhysicsTools/PatUtils/interface to tarball
DEBUG 2016-08-12 10:25:05,724: 	 Adding data directory /afs/cern.ch/work/m/mgul/public/Hto_ttbar/8_0_11_tuples/CMSSW_8_0_11/src/RecoMET/METProducers/interface to tarball
DEBUG 2016-08-12 10:25:05,740: 	 Adding file Spring16_25nsV6_MC.db to tarball
DEBUG 2016-08-12 10:25:05,841: 	 Uploading archive /afs/cern.ch/work/m/mgul/public/Hto_ttbar/8_0_11_tuples/CMSSW_8_0_11/src/Tupel/Tupel/grid/crab_MC13TeV_TTJets_powheg/inputs/ee527cab-af12-4240-beb6-2ecb70029a2ddefault.tgz to the CRAB cache. Using URI https://cmsweb.cern.ch/crabcache
DEBUG 2016-08-12 10:25:07,658: 	 Loading required information from the environment
DEBUG 2016-08-12 10:25:07,659: 	 Found CMSSW_8_0_11 for slc6_amd64_gcc530 with base /afs/cern.ch/work/m/mgul/public/Hto_ttbar/8_0_11_tuples/CMSSW_8_0_11
DEBUG 2016-08-12 10:25:07,659: 	 Making tarball in /afs/cern.ch/work/m/mgul/public/Hto_ttbar/8_0_11_tuples/CMSSW_8_0_11/src/Tupel/Tupel/grid/crab_MC13TeV_TTJets_powheg/inputs/debugFiles.tgz
DEBUG 2016-08-12 10:25:07,662: 	 Uploading archive /afs/cern.ch/work/m/mgul/public/Hto_ttbar/8_0_11_tuples/CMSSW_8_0_11/src/Tupel/Tupel/grid/crab_MC13TeV_TTJets_powheg/inputs/debugFiles.tgz to the CRAB cache. Using URI https://cmsweb.cern.ch/crabcache
DEBUG 2016-08-12 10:25:08,034: 	 Result uploading input files: 805643721ca9954335f965f2ededc50a5281da53bb70b837bd1dd0a770210c43.tar.gz 
INFO 2016-08-12 10:25:08,034: 	 Sending the request to the server
DEBUG 2016-08-12 10:25:08,035: 	 Submitting {'maxjobruntime': 1250, 'ignorelocality': 0, 'savelogsflag': 0, 'useparent': 0, 'asyncdest': 'T2_BE_IIHE', 'algoargs': 1, 'cachefilename': '805643721ca9954335f965f2ededc50a5281da53bb70b837bd1dd0a770210c43.tar.gz', 'numcores': 1, 'addoutputfiles': [], 'generator': 'pythia', 'maxmemory': 2000, 'publishdbsurl': 'https://cmsweb.cern.ch/dbs/prod/phys03/DBSWriter', 'priority': 10, 'jobsw': 'CMSSW_8_0_11', 'edmoutfiles': ['test.root'], 'userfiles': [], 'primarydataset': '', 'inputdata': '/TT_TuneCUETP8M1_13TeV-powheg-pythia8/RunIISpring16MiniAODv1-PUSpring16RAWAODSIM_80X_mcRun2_asymptotic_2016_v3_ext3-v1/MINIAODSIM', 'lfn': '/store/user/mgul/test/0e0f217/', 'dryrun': 0, 'workflow': 'crab_MC13TeV_TTJets_powheg', 'adduserfiles': ['Spring16_25nsV6_MC.db'], 'nonprodsw': 0, 'tfileoutfiles': ['ntuple.root'], 'oneEventMode': 0, 'debugfilename': 'daa844b0e4510c7960e9af88edc55be9d906c4cae6edd44e18dd211b219d8d10.tar.gz', 'cacheurl': 'https://cmsweb.cern.ch/crabcache', 'saveoutput': 1, 'publication': 0, 'jobarch': 'slc6_amd64_gcc530', 'totalunits': 1, 'splitalgo': 'LumiBased', 'nonvaliddata': 0, 'dbsurl': 'https://cmsweb.cern.ch/dbs/prod/global/DBSReader', 'publishgroupname': 0, 'jobtype': 'Analysis', 'publishname2': ''} 
DEBUG 2016-08-12 10:25:08,035: 	 Encoded submit request: maxjobruntime=1250&ignorelocality=0&savelogsflag=0&useparent=0&asyncdest=T2_BE_IIHE&algoargs=1&cachefilename=805643721ca9954335f965f2ededc50a5281da53bb70b837bd1dd0a770210c43.tar.gz&numcores=1&generator=pythia&maxmemory=2000&publishdbsurl=https%3A%2F%2Fcmsweb.cern.ch%2Fdbs%2Fprod%2Fphys03%2FDBSWriter&priority=10&jobsw=CMSSW_8_0_11&primarydataset=&inputdata=%2FTT_TuneCUETP8M1_13TeV-powheg-pythia8%2FRunIISpring16MiniAODv1-PUSpring16RAWAODSIM_80X_mcRun2_asymptotic_2016_v3_ext3-v1%2FMINIAODSIM&lfn=%2Fstore%2Fuser%2Fmgul%2Ftest%2F0e0f217%2F&dryrun=0&workflow=crab_MC13TeV_TTJets_powheg&nonprodsw=0&oneEventMode=0&debugfilename=daa844b0e4510c7960e9af88edc55be9d906c4cae6edd44e18dd211b219d8d10.tar.gz&cacheurl=https%3A%2F%2Fcmsweb.cern.ch%2Fcrabcache&saveoutput=1&publication=0&jobarch=slc6_amd64_gcc530&totalunits=1&splitalgo=LumiBased&nonvaliddata=0&dbsurl=https%3A%2F%2Fcmsweb.cern.ch%2Fdbs%2Fprod%2Fglobal%2FDBSReader&publishgroupname=0&jobtype=Analysis&publishname2=&adduserfiles=Spring16_25nsV6_MC.db&tfileoutfiles=ntuple.root&edmoutfiles=test.root
DEBUG 2016-08-12 10:25:08,709: 	 Result: {'result': [{'RequestName': '160812_082508:mgul_crab_MC13TeV_TTJets_powheg'}]}
INFO 2016-08-12 10:25:08,711: 	 Success: Your task has been delivered to the CRAB3 server.
INFO 2016-08-12 10:25:08,711: 	 Task name: 160812_082508:mgul_crab_MC13TeV_TTJets_powheg
INFO 2016-08-12 10:25:08,711: 	 Please use 'crab status' to check how the submission process proceeds.
DEBUG 2016-08-12 10:25:08,712: 	 About to return
INFO 2016-08-12 10:25:08,716: 	 Log file is /afs/cern.ch/work/m/mgul/public/Hto_ttbar/8_0_11_tuples/CMSSW_8_0_11/src/Tupel/Tupel/grid/crab_MC13TeV_TTJets_powheg/crab.log
