# Conditions read from  CMS_CONDITIONS  via FrontierProd 
DEBUG 2016-08-12 10:24:39,774: 	 Executing command: 'submit'
DEBUG 2016-08-12 10:24:39,774: 	 Found CRAB cache file /afs/cern.ch/user/m/mgul/.crab3
DEBUG 2016-08-12 10:24:39,780: 	 Checking credentials
DEBUG 2016-08-12 10:24:39,781: 	 Found proxy file /tmp/x509up_u29426
DEBUG 2016-08-12 10:24:39,781: 	 Getting proxy life time left
DEBUG 2016-08-12 10:24:40,485: 	 Executing : 
 command : voms-proxy-info -file /tmp/x509up_u29426 -timeleft
 output : 41702

 error: 
 retcode : 0
DEBUG 2016-08-12 10:24:41,089: 	 Executing : 
 command : voms-proxy-info -file /tmp/x509up_u29426 -actimeleft
 output : 41700

 error: 
 retcode : 0
DEBUG 2016-08-12 10:24:41,090: 	 Proxy valid for 11:35:02 hours
INFO 2016-08-12 10:24:41,090: 	 Will use CRAB configuration file grid/Data13TeV_SingleMuon_2016B_cfg.py
DEBUG 2016-08-12 10:24:41,090: 	 Loading CRAB configuration file.
DEBUG 2016-08-12 10:24:41,094: 	 Will use CRAB Analysis plugin (i.e. will run an analysis job type).
DEBUG 2016-08-12 10:24:41,209: 	 Executing : 
 command : openssl x509 -in ~/.globus/usercert.pem -subject -noout
 output : subject= /DC=ch/DC=cern/OU=Organic Units/OU=Users/CN=mgul/CN=732095/CN=Muhammad Gul

 error: 
 retcode : 0
DEBUG 2016-08-12 10:24:41,209: 	 Checking credentials
DEBUG 2016-08-12 10:24:41,210: 	 Found proxy file /tmp/x509up_u29426
DEBUG 2016-08-12 10:24:41,210: 	 Getting proxy life time left
DEBUG 2016-08-12 10:24:41,721: 	 Executing : 
 command : voms-proxy-info -file /tmp/x509up_u29426 -timeleft
 output : 41701

 error: 
 retcode : 0
DEBUG 2016-08-12 10:24:42,225: 	 Executing : 
 command : voms-proxy-info -file /tmp/x509up_u29426 -actimeleft
 output : 41699

 error: 
 retcode : 0
DEBUG 2016-08-12 10:24:42,225: 	 Proxy valid for 11:35:01 hours
DEBUG 2016-08-12 10:24:42,831: 	 Executing : 
 command : env X509_USER_PROXY=/tmp/x509up_u29426 voms-proxy-info -fqan
 output : /cms/Role=NULL/Capability=NULL

 error: 
 retcode : 0
DEBUG 2016-08-12 10:24:43,346: 	 Registering user credentials for server /DC=ch/DC=cern/OU=computers/CN=vocms(045|052|021|031|0118|0118a|0119|0108).cern.ch
DEBUG 2016-08-12 10:24:43,456: 	 Executing : 
 command : openssl x509 -in ~/.globus/usercert.pem -subject -noout
 output : subject= /DC=ch/DC=cern/OU=Organic Units/OU=Users/CN=mgul/CN=732095/CN=Muhammad Gul

 error: 
 retcode : 0
DEBUG 2016-08-12 10:24:43,456: 	 Getting myproxy life time left for myproxy.cern.ch
DEBUG 2016-08-12 10:24:43,456: 	 Calculating hash of /DC=ch/DC=cern/OU=Organic Units/OU=Users/CN=mgul/CN=732095/CN=Muhammad Gul_cmsweb.cern.ch for credential name
DEBUG 2016-08-12 10:24:43,963: 	 Executing : 
 command : myproxy-info -l 14fb6fc17e5c0176a4b31df51a88db78fe3e4208 -s myproxy.cern.ch
 output : username: 14fb6fc17e5c0176a4b31df51a88db78fe3e4208
owner: /DC=ch/DC=cern/OU=Organic Units/OU=Users/CN=mgul/CN=732095/CN=Muhammad Gul
  renewal policy: /DC=ch/DC=cern/OU=computers/CN=vocms(045|052|021|031|0118|0118a|0119|0108).cern.ch
  trusted retrieval policy: /DC=ch/DC=cern/OU=computers/CN=vocms(045|052|021|031|0118|0118a|0119|0108).cern.ch
  timeleft: 374:34:22  (15.6 days)

 error: 
 retcode : 0
DEBUG 2016-08-12 10:24:43,964: 	 Myproxy is valid: 1348462
DEBUG 2016-08-12 10:24:43,964: 	 Command use: submit
DEBUG 2016-08-12 10:24:43,964: 	 Options use: ['-c', 'grid/Data13TeV_SingleMuon_2016B_cfg.py']
DEBUG 2016-08-12 10:24:44,310: 	 CRABClient version: 3.3.1607.patch2
DEBUG 2016-08-12 10:24:44,310: 	 Instance is prod
DEBUG 2016-08-12 10:24:44,310: 	 Server base url is cmsweb.cern.ch
DEBUG 2016-08-12 10:24:44,310: 	 Command url /crabserver/prod/workflow
DEBUG 2016-08-12 10:24:44,310: 	 Started submission
DEBUG 2016-08-12 10:24:44,310: 	 Working on /afs/cern.ch/work/m/mgul/public/Hto_ttbar/8_0_11_tuples/CMSSW_8_0_11/src/Tupel/Tupel/grid/crab_Data13TeV_SingleMuon_2016B
DEBUG 2016-08-12 10:24:45,015: 	 Loading required information from the environment
DEBUG 2016-08-12 10:24:45,015: 	 Found CMSSW_8_0_11 for slc6_amd64_gcc530 with base /afs/cern.ch/work/m/mgul/public/Hto_ttbar/8_0_11_tuples/CMSSW_8_0_11
DEBUG 2016-08-12 10:24:45,043: 	 UNIQUE NAME: tarUUID 7f07949c-cf6b-452a-a887-268aac8bf564 
DEBUG 2016-08-12 10:24:45,043: 	 self.config: from WMCore.Configuration import Configuration
config = Configuration()
config.section_('General')
config.General.transferOutputs = True
config.General.workArea = 'grid'
config.General.requestName = 'Data13TeV_SingleMuon_2016B'
config.section_('JobType')
config.JobType.psetName = '/afs/cern.ch/work/m/mgul/public/Hto_ttbar/8_0_11_tuples/CMSSW_8_0_11/src/Tupel/Tupel/scripts/simple_run_80X_cfg.py'
config.JobType.pluginName = 'Analysis'
config.JobType.inputFiles = ['Spring16_25nsV6_DATA.db']
config.JobType.pyCfgParams = ['runOnData=True']
config.JobType.disableAutomaticOutputCollection = False
config.section_('Data')
config.Data.inputDataset = '/SingleMuon/Run2016B-PromptReco-v2/MINIAOD'
config.Data.totalUnits = 1
config.Data.unitsPerJob = 1
config.Data.ignoreLocality = False
config.Data.splitting = 'LumiBased'
config.Data.inputDBS = 'global'
config.Data.lumiMask = '/afs/cern.ch/cms/CAF/CMSCOMM/COMM_DQM/certification/Collisions16/13TeV/Cert_271036-277148_13TeV_PromptReco_Collisions16_JSON.txt'
config.Data.outLFNDirBase = '/store/user/mgul/test/0e0f217/'
config.Data.publication = False
config.section_('Site')
config.Site.storageSite = 'T2_BE_IIHE'

DEBUG 2016-08-12 10:24:45,043: 	 self.config.JobType.psetName: /afs/cern.ch/work/m/mgul/public/Hto_ttbar/8_0_11_tuples/CMSSW_8_0_11/src/Tupel/Tupel/scripts/simple_run_80X_cfg.py
INFO 2016-08-12 10:24:45,044: 	 Importing CMSSW configuration /afs/cern.ch/work/m/mgul/public/Hto_ttbar/8_0_11_tuples/CMSSW_8_0_11/src/Tupel/Tupel/scripts/simple_run_80X_cfg.py
DEBUG 2016-08-12 10:24:45,044: 	 Additional parameters for the CMSSW configuration are: ['runOnData=True']
INFO 2016-08-12 10:24:47,527: 	 Finished importing CMSSW configuration /afs/cern.ch/work/m/mgul/public/Hto_ttbar/8_0_11_tuples/CMSSW_8_0_11/src/Tupel/Tupel/scripts/simple_run_80X_cfg.py
DEBUG 2016-08-12 10:24:47,527: 	 Writing CMSSW configuration to /afs/cern.ch/work/m/mgul/public/Hto_ttbar/8_0_11_tuples/CMSSW_8_0_11/src/Tupel/Tupel/grid/crab_Data13TeV_SingleMuon_2016B/inputs/PSet.py
DEBUG 2016-08-12 10:24:47,968: 	 The following EDM output files will be collected: ['test.root']
DEBUG 2016-08-12 10:24:47,969: 	 The following TFile output files will be collected: ['ntuple.root']
DEBUG 2016-08-12 10:24:47,969: 	 The following user output files will be collected: []
DEBUG 2016-08-12 10:24:47,969: 	 Loading required information from the environment
DEBUG 2016-08-12 10:24:47,969: 	 Found CMSSW_8_0_11 for slc6_amd64_gcc530 with base /afs/cern.ch/work/m/mgul/public/Hto_ttbar/8_0_11_tuples/CMSSW_8_0_11
DEBUG 2016-08-12 10:24:47,969: 	 Making tarball in /afs/cern.ch/work/m/mgul/public/Hto_ttbar/8_0_11_tuples/CMSSW_8_0_11/src/Tupel/Tupel/grid/crab_Data13TeV_SingleMuon_2016B/inputs/7f07949c-cf6b-452a-a887-268aac8bf564default.tgz
DEBUG 2016-08-12 10:24:48,022: 	 Checking directory /afs/cern.ch/work/m/mgul/public/Hto_ttbar/8_0_11_tuples/CMSSW_8_0_11/lib
DEBUG 2016-08-12 10:24:48,022: 	 Adding directory /afs/cern.ch/work/m/mgul/public/Hto_ttbar/8_0_11_tuples/CMSSW_8_0_11/lib to tarball
DEBUG 2016-08-12 10:24:50,497: 	 Checking directory /afs/cern.ch/work/m/mgul/public/Hto_ttbar/8_0_11_tuples/CMSSW_8_0_11/biglib
DEBUG 2016-08-12 10:24:50,497: 	 Adding directory /afs/cern.ch/work/m/mgul/public/Hto_ttbar/8_0_11_tuples/CMSSW_8_0_11/biglib to tarball
DEBUG 2016-08-12 10:24:50,499: 	 Checking directory /afs/cern.ch/work/m/mgul/public/Hto_ttbar/8_0_11_tuples/CMSSW_8_0_11/module
DEBUG 2016-08-12 10:24:50,732: 	 Adding data directory /afs/cern.ch/work/m/mgul/public/Hto_ttbar/8_0_11_tuples/CMSSW_8_0_11/src/TopQuarkAnalysis/TopEventProducers/interface to tarball
DEBUG 2016-08-12 10:24:50,985: 	 Adding data directory /afs/cern.ch/work/m/mgul/public/Hto_ttbar/8_0_11_tuples/CMSSW_8_0_11/src/Tupel/Tupel/data to tarball
DEBUG 2016-08-12 10:24:51,597: 	 Adding data directory /afs/cern.ch/work/m/mgul/public/Hto_ttbar/8_0_11_tuples/CMSSW_8_0_11/src/CommonTools/PileupAlgos/interface to tarball
DEBUG 2016-08-12 10:24:51,641: 	 Adding data directory /afs/cern.ch/work/m/mgul/public/Hto_ttbar/8_0_11_tuples/CMSSW_8_0_11/src/PhysicsTools/PatAlgos/interface to tarball
DEBUG 2016-08-12 10:24:51,954: 	 Adding data directory /afs/cern.ch/work/m/mgul/public/Hto_ttbar/8_0_11_tuples/CMSSW_8_0_11/src/PhysicsTools/PatUtils/data to tarball
DEBUG 2016-08-12 10:24:52,513: 	 Adding data directory /afs/cern.ch/work/m/mgul/public/Hto_ttbar/8_0_11_tuples/CMSSW_8_0_11/src/PhysicsTools/PatUtils/interface to tarball
DEBUG 2016-08-12 10:24:52,607: 	 Adding data directory /afs/cern.ch/work/m/mgul/public/Hto_ttbar/8_0_11_tuples/CMSSW_8_0_11/src/RecoMET/METProducers/interface to tarball
DEBUG 2016-08-12 10:24:52,713: 	 Adding file Spring16_25nsV6_DATA.db to tarball
DEBUG 2016-08-12 10:24:52,815: 	 Uploading archive /afs/cern.ch/work/m/mgul/public/Hto_ttbar/8_0_11_tuples/CMSSW_8_0_11/src/Tupel/Tupel/grid/crab_Data13TeV_SingleMuon_2016B/inputs/7f07949c-cf6b-452a-a887-268aac8bf564default.tgz to the CRAB cache. Using URI https://cmsweb.cern.ch/crabcache
DEBUG 2016-08-12 10:24:54,882: 	 Loading required information from the environment
DEBUG 2016-08-12 10:24:54,883: 	 Found CMSSW_8_0_11 for slc6_amd64_gcc530 with base /afs/cern.ch/work/m/mgul/public/Hto_ttbar/8_0_11_tuples/CMSSW_8_0_11
DEBUG 2016-08-12 10:24:54,883: 	 Making tarball in /afs/cern.ch/work/m/mgul/public/Hto_ttbar/8_0_11_tuples/CMSSW_8_0_11/src/Tupel/Tupel/grid/crab_Data13TeV_SingleMuon_2016B/inputs/debugFiles.tgz
DEBUG 2016-08-12 10:24:54,890: 	 Uploading archive /afs/cern.ch/work/m/mgul/public/Hto_ttbar/8_0_11_tuples/CMSSW_8_0_11/src/Tupel/Tupel/grid/crab_Data13TeV_SingleMuon_2016B/inputs/debugFiles.tgz to the CRAB cache. Using URI https://cmsweb.cern.ch/crabcache
DEBUG 2016-08-12 10:24:55,289: 	 Result uploading input files: 89790c487f22160313df6ba35a84c8170133fc41ff984ce324b2421ec4f71edc.tar.gz 
DEBUG 2016-08-12 10:24:55,289: 	 Attaching lumi mask /afs/cern.ch/cms/CAF/CMSCOMM/COMM_DQM/certification/Collisions16/13TeV/Cert_271036-277148_13TeV_PromptReco_Collisions16_JSON.txt to the request
DEBUG 2016-08-12 10:24:55,289: 	 Reading lumi-mask from /afs/cern.ch/cms/CAF/CMSCOMM/COMM_DQM/certification/Collisions16/13TeV/Cert_271036-277148_13TeV_PromptReco_Collisions16_JSON.txt
INFO 2016-08-12 10:24:55,314: 	 Sending the request to the server
DEBUG 2016-08-12 10:24:55,315: 	 Submitting {'maxjobruntime': 1250, 'ignorelocality': 0, 'savelogsflag': 0, 'useparent': 0, 'asyncdest': 'T2_BE_IIHE', 'algoargs': 1, 'cachefilename': '89790c487f22160313df6ba35a84c8170133fc41ff984ce324b2421ec4f71edc.tar.gz', 'numcores': 1, 'addoutputfiles': [], 'generator': 'pythia', 'maxmemory': 2000, 'publishdbsurl': 'https://cmsweb.cern.ch/dbs/prod/phys03/DBSWriter', 'priority': 10, 'jobsw': 'CMSSW_8_0_11', 'edmoutfiles': ['test.root'], 'userfiles': [], 'primarydataset': '', 'inputdata': '/SingleMuon/Run2016B-PromptReco-v2/MINIAOD', 'lfn': '/store/user/mgul/test/0e0f217/', 'dryrun': 0, 'workflow': 'crab_Data13TeV_SingleMuon_2016B', 'adduserfiles': ['Spring16_25nsV6_DATA.db'], 'jobarch': 'slc6_amd64_gcc530', 'lumis': ['1,1279', '1,459', '100,292', '1,53', '1,18', '2,25', '1,112', '1,6', '1,309', '1,90', '1,29', '62,352,354,733', '1,33', '1,113,115,412', '1,391', '1,214', '1,214,219,647', '71,71,73,282,284,325,327,338', '1,233', '1,192', '73,256,258,318,320,813,815,1064', '1,598', '77,437', '1,173', '83,252,254,2545', '1,100', '1,1814,1820,2126', '108,332', '1,67', '1,43', '1,207', '1,516', '31,95', '81,191', '1,623', '1,678', '1,40,42,82', '1,1152,1161,1176', '1,607', '1,701', '1,546', '2,19', '1,210', '1,154', '97,97,99,158', '1,424', '1,959', '1,3', '1,225', '60,1003', '1,14', '3,17', '1,698', '1,29,31,31,33,33,35,93', '1,632', '1,170', '94,144', '88,439', '1,1820', '94,268', '1,342', '1,2207', '92,493', '1,431', '1,752', '37,37,39,57', '1,91', '1,1192', '1,1003', '1,47', '1,905', '64,782', '1,1241', '1,136', '1,1781,1786,2061', '78,81,105,137', '1,96', '1,392', '1,915', '1,517', '1,442,444,647', '106,106,108,431', '1,989', '91,180', '1,132', '1,74', '96,143', '1,347', '1,121', '1,142,144,201', '55,617', '1,1929', '1,1253', '141,282', '1,427', '1,520', '76,356', '1,353', '81,365', '1,22,28,569', '127,1449', '1,2667,2669,3096', '1,105', '1,337', '1,17', '1,9', '1,4', '1,56', '1,7', '1,311,315,315', '1,140', '1,300', '1,305', '1,131,133,762', '1,367', '1,53,56,115,117,251', '1,297', '1,13', '1,429,431,1163,1166,1170,1184,1293', '1,186,198,726', '1,2263', '73,109', '1,1393', '62,298,300,354,356,440', '1,289', '1,475', '1,318,348,361', '5,463', '1,2,4,5,17,20', '3,53,63,64,66,126', '1,14,19,89', '82,139,141,172', '74,149', '1,507', '1,7,18,61,72,1664', '1,15,18,480,482,611', '3,1202', '75,534,537,1142', '3,1087', '40,175,178,217', '3,138', '3,103,106,570', '1,33', '1,161,169,208,210,800,802,833', '1,140,142,238,242,1482', '2,1117', '63,224,227,1074,1076,2190', '1,527', '1,341', '87,268', '4,221,223,2547', '2,741', '88,469,471,1606,1626,2893', '1,214', '4,394', '74,857', '1,638,643,952', '2,161', '2,110,117,213', '79,444', '1,871', '1,52', '1,2', '1,238,241,242,245,246', '2,658,680,773', '1,1006', '72,550', '1,593,595,1106', '1,127,129,252', '96,1260', '1,1823', '1,885', '66,220', '1,875', '1,287', '1,1270,1272,2563', '64,755,761,2702', '1,720', '78,1354,1356,3108,3111,3258,3260,3484', '79,184,186,838,842,906', '70,213', '1,27', '1,89,91,126,135,141', '1,474', '1,2353', '81,265,267,390', '1,309,311,1059', '1,82,90,178', '1,253,256,466', '1,90', '1,3,5,7,9,35,38,1037', '204,1191', '1,161,164,584', '1,1309,1311,2086', '1,155', '42,59', '1,438,440,902', '83,190,193,700'], 'nonprodsw': 0, 'tfileoutfiles': ['ntuple.root'], 'oneEventMode': 0, 'debugfilename': '8d076867f46f0f093ce15ef6181b915cc6d83f8d7f3b0f917bde39bf08834176.tar.gz', 'cacheurl': 'https://cmsweb.cern.ch/crabcache', 'saveoutput': 1, 'publication': 0, 'runs': [u'273158', u'273302', u'273402', u'273403', u'273404', u'273405', u'273406', u'273408', u'273409', u'273410', u'273411', u'273425', u'273446', u'273447', u'273448', u'273449', u'273450', u'273492', u'273493', u'273494', u'273502', u'273503', u'273554', u'273555', u'273725', u'273728', u'273730', u'274094', u'274146', u'274159', u'274160', u'274161', u'274172', u'274198', u'274199', u'274200', u'274240', u'274241', u'274244', u'274250', u'274251', u'274283', u'274284', u'274286', u'274314', u'274315', u'274316', u'274317', u'274319', u'274335', u'274336', u'274337', u'274338', u'274339', u'274344', u'274345', u'274382', u'274387', u'274388', u'274420', u'274421', u'274422', u'274440', u'274441', u'274442', u'274954', u'274955', u'274968', u'274969', u'274970', u'274971', u'274998', u'274999', u'275000', u'275001', u'275059', u'275066', u'275067', u'275068', u'275073', u'275074', u'275124', u'275125', u'275282', u'275283', u'275284', u'275290', u'275291', u'275292', u'275293', u'275309', u'275310', u'275311', u'275319', u'275337', u'275338', u'275344', u'275345', u'275370', u'275371', u'275375', u'275376', u'275657', u'275658', u'275659', u'275761', u'275767', u'275772', u'275773', u'275774', u'275776', u'275777', u'275778', u'275782', u'275832', u'275833', u'275834', u'275835', u'275836', u'275837', u'275847', u'275886', u'275890', u'275911', u'275912', u'275913', u'275918', u'275920', u'275921', u'275923', u'275931', u'275963', u'276092', u'276097', u'276242', u'276243', u'276244', u'276282', u'276283', u'276315', u'276317', u'276318', u'276355', u'276361', u'276363', u'276384', u'276437', u'276454', u'276458', u'276495', u'276501', u'276502', u'276525', u'276527', u'276528', u'276542', u'276543', u'276544', u'276545', u'276581', u'276582', u'276583', u'276584', u'276585', u'276586', u'276587', u'276653', u'276655', u'276659', u'276775', u'276776', u'276794', u'276807', u'276808', u'276810', u'276811', u'276831', u'276834', u'276870', u'276935', u'276940', u'276946', u'276947', u'276948', u'276950', u'277069', u'277070', u'277071', u'277072', u'277073', u'277076', u'277087', u'277094', u'277096', u'277112', u'277126', u'277127', u'277148'], 'totalunits': 1, 'splitalgo': 'LumiBased', 'nonvaliddata': 0, 'dbsurl': 'https://cmsweb.cern.ch/dbs/prod/global/DBSReader', 'publishgroupname': 0, 'jobtype': 'Analysis', 'publishname2': ''} 
DEBUG 2016-08-12 10:24:55,317: 	 Encoded submit request: maxjobruntime=1250&ignorelocality=0&savelogsflag=0&useparent=0&asyncdest=T2_BE_IIHE&algoargs=1&cachefilename=89790c487f22160313df6ba35a84c8170133fc41ff984ce324b2421ec4f71edc.tar.gz&numcores=1&generator=pythia&maxmemory=2000&publishdbsurl=https%3A%2F%2Fcmsweb.cern.ch%2Fdbs%2Fprod%2Fphys03%2FDBSWriter&priority=10&jobsw=CMSSW_8_0_11&primarydataset=&inputdata=%2FSingleMuon%2FRun2016B-PromptReco-v2%2FMINIAOD&lfn=%2Fstore%2Fuser%2Fmgul%2Ftest%2F0e0f217%2F&dryrun=0&workflow=crab_Data13TeV_SingleMuon_2016B&jobarch=slc6_amd64_gcc530&nonprodsw=0&oneEventMode=0&debugfilename=8d076867f46f0f093ce15ef6181b915cc6d83f8d7f3b0f917bde39bf08834176.tar.gz&cacheurl=https%3A%2F%2Fcmsweb.cern.ch%2Fcrabcache&saveoutput=1&publication=0&totalunits=1&splitalgo=LumiBased&nonvaliddata=0&dbsurl=https%3A%2F%2Fcmsweb.cern.ch%2Fdbs%2Fprod%2Fglobal%2FDBSReader&publishgroupname=0&jobtype=Analysis&publishname2=&adduserfiles=Spring16_25nsV6_DATA.db&tfileoutfiles=ntuple.root&edmoutfiles=test.root&runs=273158&runs=273302&runs=273402&runs=273403&runs=273404&runs=273405&runs=273406&runs=273408&runs=273409&runs=273410&runs=273411&runs=273425&runs=273446&runs=273447&runs=273448&runs=273449&runs=273450&runs=273492&runs=273493&runs=273494&runs=273502&runs=273503&runs=273554&runs=273555&runs=273725&runs=273728&runs=273730&runs=274094&runs=274146&runs=274159&runs=274160&runs=274161&runs=274172&runs=274198&runs=274199&runs=274200&runs=274240&runs=274241&runs=274244&runs=274250&runs=274251&runs=274283&runs=274284&runs=274286&runs=274314&runs=274315&runs=274316&runs=274317&runs=274319&runs=274335&runs=274336&runs=274337&runs=274338&runs=274339&runs=274344&runs=274345&runs=274382&runs=274387&runs=274388&runs=274420&runs=274421&runs=274422&runs=274440&runs=274441&runs=274442&runs=274954&runs=274955&runs=274968&runs=274969&runs=274970&runs=274971&runs=274998&runs=274999&runs=275000&runs=275001&runs=275059&runs=275066&runs=275067&runs=275068&runs=275073&runs=275074&runs=275124&runs=275125&runs=275282&runs=275283&runs=275284&runs=275290&runs=275291&runs=275292&runs=275293&runs=275309&runs=275310&runs=275311&runs=275319&runs=275337&runs=275338&runs=275344&runs=275345&runs=275370&runs=275371&runs=275375&runs=275376&runs=275657&runs=275658&runs=275659&runs=275761&runs=275767&runs=275772&runs=275773&runs=275774&runs=275776&runs=275777&runs=275778&runs=275782&runs=275832&runs=275833&runs=275834&runs=275835&runs=275836&runs=275837&runs=275847&runs=275886&runs=275890&runs=275911&runs=275912&runs=275913&runs=275918&runs=275920&runs=275921&runs=275923&runs=275931&runs=275963&runs=276092&runs=276097&runs=276242&runs=276243&runs=276244&runs=276282&runs=276283&runs=276315&runs=276317&runs=276318&runs=276355&runs=276361&runs=276363&runs=276384&runs=276437&runs=276454&runs=276458&runs=276495&runs=276501&runs=276502&runs=276525&runs=276527&runs=276528&runs=276542&runs=276543&runs=276544&runs=276545&runs=276581&runs=276582&runs=276583&runs=276584&runs=276585&runs=276586&runs=276587&runs=276653&runs=276655&runs=276659&runs=276775&runs=276776&runs=276794&runs=276807&runs=276808&runs=276810&runs=276811&runs=276831&runs=276834&runs=276870&runs=276935&runs=276940&runs=276946&runs=276947&runs=276948&runs=276950&runs=277069&runs=277070&runs=277071&runs=277072&runs=277073&runs=277076&runs=277087&runs=277094&runs=277096&runs=277112&runs=277126&runs=277127&runs=277148&lumis=1%2C1279&lumis=1%2C459&lumis=100%2C292&lumis=1%2C53&lumis=1%2C18&lumis=2%2C25&lumis=1%2C112&lumis=1%2C6&lumis=1%2C309&lumis=1%2C90&lumis=1%2C29&lumis=62%2C352%2C354%2C733&lumis=1%2C33&lumis=1%2C113%2C115%2C412&lumis=1%2C391&lumis=1%2C214&lumis=1%2C214%2C219%2C647&lumis=71%2C71%2C73%2C282%2C284%2C325%2C327%2C338&lumis=1%2C233&lumis=1%2C192&lumis=73%2C256%2C258%2C318%2C320%2C813%2C815%2C1064&lumis=1%2C598&lumis=77%2C437&lumis=1%2C173&lumis=83%2C252%2C254%2C2545&lumis=1%2C100&lumis=1%2C1814%2C1820%2C2126&lumis=108%2C332&lumis=1%2C67&lumis=1%2C43&lumis=1%2C207&lumis=1%2C516&lumis=31%2C95&lumis=81%2C191&lumis=1%2C623&lumis=1%2C678&lumis=1%2C40%2C42%2C82&lumis=1%2C1152%2C1161%2C1176&lumis=1%2C607&lumis=1%2C701&lumis=1%2C546&lumis=2%2C19&lumis=1%2C210&lumis=1%2C154&lumis=97%2C97%2C99%2C158&lumis=1%2C424&lumis=1%2C959&lumis=1%2C3&lumis=1%2C225&lumis=60%2C1003&lumis=1%2C14&lumis=3%2C17&lumis=1%2C698&lumis=1%2C29%2C31%2C31%2C33%2C33%2C35%2C93&lumis=1%2C632&lumis=1%2C170&lumis=94%2C144&lumis=88%2C439&lumis=1%2C1820&lumis=94%2C268&lumis=1%2C342&lumis=1%2C2207&lumis=92%2C493&lumis=1%2C431&lumis=1%2C752&lumis=37%2C37%2C39%2C57&lumis=1%2C91&lumis=1%2C1192&lumis=1%2C1003&lumis=1%2C47&lumis=1%2C905&lumis=64%2C782&lumis=1%2C1241&lumis=1%2C136&lumis=1%2C1781%2C1786%2C2061&lumis=78%2C81%2C105%2C137&lumis=1%2C96&lumis=1%2C392&lumis=1%2C915&lumis=1%2C517&lumis=1%2C442%2C444%2C647&lumis=106%2C106%2C108%2C431&lumis=1%2C989&lumis=91%2C180&lumis=1%2C132&lumis=1%2C74&lumis=96%2C143&lumis=1%2C347&lumis=1%2C121&lumis=1%2C142%2C144%2C201&lumis=55%2C617&lumis=1%2C1929&lumis=1%2C1253&lumis=141%2C282&lumis=1%2C427&lumis=1%2C520&lumis=76%2C356&lumis=1%2C353&lumis=81%2C365&lumis=1%2C22%2C28%2C569&lumis=127%2C1449&lumis=1%2C2667%2C2669%2C3096&lumis=1%2C105&lumis=1%2C337&lumis=1%2C17&lumis=1%2C9&lumis=1%2C4&lumis=1%2C56&lumis=1%2C7&lumis=1%2C311%2C315%2C315&lumis=1%2C140&lumis=1%2C300&lumis=1%2C305&lumis=1%2C131%2C133%2C762&lumis=1%2C367&lumis=1%2C53%2C56%2C115%2C117%2C251&lumis=1%2C297&lumis=1%2C13&lumis=1%2C429%2C431%2C1163%2C1166%2C1170%2C1184%2C1293&lumis=1%2C186%2C198%2C726&lumis=1%2C2263&lumis=73%2C109&lumis=1%2C1393&lumis=62%2C298%2C300%2C354%2C356%2C440&lumis=1%2C289&lumis=1%2C475&lumis=1%2C318%2C348%2C361&lumis=5%2C463&lumis=1%2C2%2C4%2C5%2C17%2C20&lumis=3%2C53%2C63%2C64%2C66%2C126&lumis=1%2C14%2C19%2C89&lumis=82%2C139%2C141%2C172&lumis=74%2C149&lumis=1%2C507&lumis=1%2C7%2C18%2C61%2C72%2C1664&lumis=1%2C15%2C18%2C480%2C482%2C611&lumis=3%2C1202&lumis=75%2C534%2C537%2C1142&lumis=3%2C1087&lumis=40%2C175%2C178%2C217&lumis=3%2C138&lumis=3%2C103%2C106%2C570&lumis=1%2C33&lumis=1%2C161%2C169%2C208%2C210%2C800%2C802%2C833&lumis=1%2C140%2C142%2C238%2C242%2C1482&lumis=2%2C1117&lumis=63%2C224%2C227%2C1074%2C1076%2C2190&lumis=1%2C527&lumis=1%2C341&lumis=87%2C268&lumis=4%2C221%2C223%2C2547&lumis=2%2C741&lumis=88%2C469%2C471%2C1606%2C1626%2C2893&lumis=1%2C214&lumis=4%2C394&lumis=74%2C857&lumis=1%2C638%2C643%2C952&lumis=2%2C161&lumis=2%2C110%2C117%2C213&lumis=79%2C444&lumis=1%2C871&lumis=1%2C52&lumis=1%2C2&lumis=1%2C238%2C241%2C242%2C245%2C246&lumis=2%2C658%2C680%2C773&lumis=1%2C1006&lumis=72%2C550&lumis=1%2C593%2C595%2C1106&lumis=1%2C127%2C129%2C252&lumis=96%2C1260&lumis=1%2C1823&lumis=1%2C885&lumis=66%2C220&lumis=1%2C875&lumis=1%2C287&lumis=1%2C1270%2C1272%2C2563&lumis=64%2C755%2C761%2C2702&lumis=1%2C720&lumis=78%2C1354%2C1356%2C3108%2C3111%2C3258%2C3260%2C3484&lumis=79%2C184%2C186%2C838%2C842%2C906&lumis=70%2C213&lumis=1%2C27&lumis=1%2C89%2C91%2C126%2C135%2C141&lumis=1%2C474&lumis=1%2C2353&lumis=81%2C265%2C267%2C390&lumis=1%2C309%2C311%2C1059&lumis=1%2C82%2C90%2C178&lumis=1%2C253%2C256%2C466&lumis=1%2C90&lumis=1%2C3%2C5%2C7%2C9%2C35%2C38%2C1037&lumis=204%2C1191&lumis=1%2C161%2C164%2C584&lumis=1%2C1309%2C1311%2C2086&lumis=1%2C155&lumis=42%2C59&lumis=1%2C438%2C440%2C902&lumis=83%2C190%2C193%2C700
DEBUG 2016-08-12 10:24:56,071: 	 Result: {'result': [{'RequestName': '160812_082455:mgul_crab_Data13TeV_SingleMuon_2016B'}]}
INFO 2016-08-12 10:24:56,073: 	 Success: Your task has been delivered to the CRAB3 server.
INFO 2016-08-12 10:24:56,073: 	 Task name: 160812_082455:mgul_crab_Data13TeV_SingleMuon_2016B
INFO 2016-08-12 10:24:56,073: 	 Please use 'crab status' to check how the submission process proceeds.
DEBUG 2016-08-12 10:24:56,073: 	 About to return
INFO 2016-08-12 10:24:56,077: 	 Log file is /afs/cern.ch/work/m/mgul/public/Hto_ttbar/8_0_11_tuples/CMSSW_8_0_11/src/Tupel/Tupel/grid/crab_Data13TeV_SingleMuon_2016B/crab.log
